log started: Wed Jul 19 18:49:03 2023

Log file: ./leap.log
>> #
>> # ----- leaprc for loading the ff14SB force field
>> # ----- NOTE: this is designed for PDB format 3!
>> #
>> #	load atom type hybridizations
>> #
>> addAtomTypes {
>> 	{ "H"   "H" "sp3" }
>> 	{ "HO"  "H" "sp3" }
>> 	{ "HS"  "H" "sp3" }
>> 	{ "H1"  "H" "sp3" }
>> 	{ "H2"  "H" "sp3" }
>> 	{ "H3"  "H" "sp3" }
>> 	{ "H4"  "H" "sp3" }
>> 	{ "H5"  "H" "sp3" }
>> 	{ "HW"  "H" "sp3" }
>> 	{ "HC"  "H" "sp3" }
>> 	{ "HA"  "H" "sp3" }
>> 	{ "HP"  "H" "sp3" }
>> 	{ "HZ"  "H" "sp3" }
>> 	{ "OH"  "O" "sp3" }
>> 	{ "OS"  "O" "sp3" }
>> 	{ "O"   "O" "sp2" }
>> 	{ "O2"  "O" "sp2" }
>> 	{ "OP"  "O" "sp2" }
>> 	{ "OW"  "O" "sp3" }
>> 	{ "CT"  "C" "sp3" }
>> 	{ "CX"  "C" "sp3" }
>> 	{ "C8"  "C" "sp3" }
>> 	{ "2C"  "C" "sp3" }
>> 	{ "3C"  "C" "sp3" }
>> 	{ "CH"  "C" "sp3" }
>> 	{ "CS"  "C" "sp2" }
>> 	{ "C"   "C" "sp2" }
>> 	{ "CO"   "C" "sp2" }
>> 	{ "C*"  "C" "sp2" }
>> 	{ "CA"  "C" "sp2" }
>> 	{ "CB"  "C" "sp2" }
>> 	{ "CC"  "C" "sp2" }
>> 	{ "CN"  "C" "sp2" }
>> 	{ "CM"  "C" "sp2" }
>> 	{ "CK"  "C" "sp2" }
>> 	{ "CQ"  "C" "sp2" }
>> 	{ "CD"  "C" "sp2" }
>> 	{ "C5"  "C" "sp2" }
>> 	{ "C4"  "C" "sp2" }
>> 	{ "CP"  "C" "sp2" }
>> 	{ "CI"  "C" "sp3" }
>> 	{ "CJ"  "C" "sp2" }
>> 	{ "CW"  "C" "sp2" }
>> 	{ "CV"  "C" "sp2" }
>> 	{ "CR"  "C" "sp2" }
>> 	{ "CA"  "C" "sp2" }
>> 	{ "CY"  "C" "sp2" }
>> 	{ "C0"  "Ca" "sp3" }
>> 	{ "MG"  "Mg" "sp3" }
>> 	{ "N"   "N" "sp2" }
>> 	{ "NA"  "N" "sp2" }
>> 	{ "N2"  "N" "sp2" }
>> 	{ "N*"  "N" "sp2" }
>> 	{ "NP"  "N" "sp2" }
>> 	{ "NQ"  "N" "sp2" }
>> 	{ "NB"  "N" "sp2" }
>> 	{ "NC"  "N" "sp2" }
>> 	{ "NT"  "N" "sp3" }
>> 	{ "NY"  "N" "sp2" }
>> 	{ "N3"  "N" "sp3" }
>> 	{ "S"   "S" "sp3" }
>> 	{ "SH"  "S" "sp3" }
>> 	{ "P"   "P" "sp3" }
>> 	{ "LP"  ""  "sp3" }
>> 	{ "EP"  ""  "sp3" }
>> 	{ "F"   "F" "sp3" }
>> 	{ "Cl"  "Cl" "sp3" }
>> 	{ "Br"  "Br" "sp3" }
>> 	{ "I"   "I"  "sp3" }
>> }
>> #
>> #	Load the main parameter set.
>> #
>> parm10 = loadamberparams parm10.dat
Loading parameters: /opt/amber22-openmpi-4.1.2_intel-2021.6.0_cuda-11.4/dat/leap/parm/parm10.dat
Reading title:
PARM99 + frcmod.ff99SB + frcmod.parmbsc0 + OL3 for RNA
>> frcmod14SB = loadamberparams frcmod.ff14SB
Loading parameters: /opt/amber22-openmpi-4.1.2_intel-2021.6.0_cuda-11.4/dat/leap/parm/frcmod.ff14SB
Reading force field modification type file (frcmod)
Reading title:
ff14SB protein backbone and sidechain parameters
>> #
>> #	Load main chain and terminating amino acid libraries
>> #
>> loadOff amino12.lib
Loading library: /opt/amber22-openmpi-4.1.2_intel-2021.6.0_cuda-11.4/dat/leap/lib/amino12.lib
Loading: ALA
Loading: ARG
Loading: ASH
Loading: ASN
Loading: ASP
Loading: CYM
Loading: CYS
Loading: CYX
Loading: GLH
Loading: GLN
Loading: GLU
Loading: GLY
Loading: HID
Loading: HIE
Loading: HIP
Loading: HYP
Loading: ILE
Loading: LEU
Loading: LYN
Loading: LYS
Loading: MET
Loading: PHE
Loading: PRO
Loading: SER
Loading: THR
Loading: TRP
Loading: TYR
Loading: VAL
>> loadOff aminoct12.lib
Loading library: /opt/amber22-openmpi-4.1.2_intel-2021.6.0_cuda-11.4/dat/leap/lib/aminoct12.lib
Loading: CALA
Loading: CARG
Loading: CASN
Loading: CASP
Loading: CCYS
Loading: CCYX
Loading: CGLN
Loading: CGLU
Loading: CGLY
Loading: CHID
Loading: CHIE
Loading: CHIP
Loading: CHYP
Loading: CILE
Loading: CLEU
Loading: CLYS
Loading: CMET
Loading: CPHE
Loading: CPRO
Loading: CSER
Loading: CTHR
Loading: CTRP
Loading: CTYR
Loading: CVAL
Loading: NHE
Loading: NME
>> loadOff aminont12.lib
Loading library: /opt/amber22-openmpi-4.1.2_intel-2021.6.0_cuda-11.4/dat/leap/lib/aminont12.lib
Loading: ACE
Loading: NALA
Loading: NARG
Loading: NASN
Loading: NASP
Loading: NCYS
Loading: NCYX
Loading: NGLN
Loading: NGLU
Loading: NGLY
Loading: NHID
Loading: NHIE
Loading: NHIP
Loading: NILE
Loading: NLEU
Loading: NLYS
Loading: NMET
Loading: NPHE
Loading: NPRO
Loading: NSER
Loading: NTHR
Loading: NTRP
Loading: NTYR
Loading: NVAL
>> 
>> #
>> #	Define the PDB name map for the amino acids
>> #
>> addPdbResMap {
>>   { 0 "HYP" "HYP" } { 1 "HYP" "CHYP" }
>>   { 0 "ALA" "NALA" } { 1 "ALA" "CALA" }
>>   { 0 "ARG" "NARG" } { 1 "ARG" "CARG" }
>>   { 0 "ASN" "NASN" } { 1 "ASN" "CASN" }
>>   { 0 "ASP" "NASP" } { 1 "ASP" "CASP" }
>>   { 0 "CYS" "NCYS" } { 1 "CYS" "CCYS" }
>>   { 0 "CYX" "NCYX" } { 1 "CYX" "CCYX" }
>>   { 0 "GLN" "NGLN" } { 1 "GLN" "CGLN" }
>>   { 0 "GLU" "NGLU" } { 1 "GLU" "CGLU" }
>>   { 0 "GLY" "NGLY" } { 1 "GLY" "CGLY" }
>>   { 0 "HID" "NHID" } { 1 "HID" "CHID" }
>>   { 0 "HIE" "NHIE" } { 1 "HIE" "CHIE" }
>>   { 0 "HIP" "NHIP" } { 1 "HIP" "CHIP" }
>>   { 0 "ILE" "NILE" } { 1 "ILE" "CILE" }
>>   { 0 "LEU" "NLEU" } { 1 "LEU" "CLEU" }
>>   { 0 "LYS" "NLYS" } { 1 "LYS" "CLYS" }
>>   { 0 "MET" "NMET" } { 1 "MET" "CMET" }
>>   { 0 "PHE" "NPHE" } { 1 "PHE" "CPHE" }
>>   { 0 "PRO" "NPRO" } { 1 "PRO" "CPRO" }
>>   { 0 "SER" "NSER" } { 1 "SER" "CSER" }
>>   { 0 "THR" "NTHR" } { 1 "THR" "CTHR" }
>>   { 0 "TRP" "NTRP" } { 1 "TRP" "CTRP" }
>>   { 0 "TYR" "NTYR" } { 1 "TYR" "CTYR" }
>>   { 0 "VAL" "NVAL" } { 1 "VAL" "CVAL" }
>>   { 0 "HIS" "NHIS" } { 1 "HIS" "CHIS" }
>> }
>> 
>> #
>> # assume that most often proteins use HIE
>> #
>> NHIS = NHIE
>> HIS = HIE
>> CHIS = CHIE
> 
> source leaprc.water.tip3p
----- Source: /opt/amber22-openmpi-4.1.2_intel-2021.6.0_cuda-11.4/dat/leap/cmd/leaprc.water.tip3p
----- Source of /opt/amber22-openmpi-4.1.2_intel-2021.6.0_cuda-11.4/dat/leap/cmd/leaprc.water.tip3p done
>> #
>> #       Load water and ions for TIP3P + Li/Merz monovalent ions 
>> #       + Joung-Chetham monovalent ions
>> #       + Li/Merz highly charged ions (+2 to +4, 12-6 normal usage set)
>> #
>> #       Note: the Li/Merz monovalent set is loaded only to get Tl+,
>> #          Cu+, Ag+ NH4+, H3O+.  Since we load Joung-Cheatham second,
>> #          the alkali halide parameters come from the Joung-Cheatham set
>> #
>> addAtomTypes {
>> 	{ "HW"  "H" "sp3" }
>> 	{ "OW"  "O" "sp3" }
>> 	{ "F-"   "F" "sp3" }
>> 	{ "Cl-"  "Cl" "sp3" }
>> 	{ "Br-"  "Br" "sp3" }
>> 	{ "I-"   "I"  "sp3" }
>> 	{ "Li+"  "Li"  "sp3" }
>> 	{ "Na+"  "Na"  "sp3" }
>> 	{ "K+"  "K"  "sp3" }
>> 	{ "Rb+"  "Rb"  "sp3" }
>> 	{ "Cs+"  "Cs"  "sp3" }
>> 	{ "Mg+"  "Mg"  "sp3" }
>>     { "Tl+"  "Tl"  "sp3" }
>>     { "Cu+"  "Cu"  "sp3" }
>>     { "Ag+"  "Ag"  "sp3" }
>>     { "NH4+"  "N"  "sp3" }
>>     { "H3O+"  "O"  "sp3" }
>>     { "Be2+" "Be"  "sp3" }
>>     { "Cu2+" "Cu"  "sp3" }
>>     { "Ni2+" "Ni"  "sp3" }
>>     { "Pt2+" "Pt"  "sp3" }
>>     { "Zn2+" "Zn"  "sp3" }
>>     { "Co2+" "Co"  "sp3" }
>>     { "Pd2+" "Pd"  "sp3" }
>>     { "Ag2+" "Ag"  "sp3" }
>>     { "Cr2+" "Cr"  "sp3" }
>>     { "Fe2+" "Fe"  "sp3" }
>>     { "Mg2+" "Mg"  "sp3" }
>>     { "V2+"  "V"   "sp3" }
>>     { "Mn2+" "Mn"  "sp3" }
>>     { "Hg2+" "Hg"  "sp3" }
>>     { "Cd2+" "Cd"  "sp3" }
>>     { "Yb2+" "Yb"  "sp3" }
>>     { "Ca2+" "Ca"  "sp3" }
>>     { "Sn2+" "Sn"  "sp3" }
>>     { "Pb2+" "Pb"  "sp3" }
>>     { "Eu2+" "Eu"  "sp3" }
>>     { "Sr2+" "Sr"  "sp3" }
>>     { "Sm2+" "Sm"  "sp3" }
>>     { "Ba2+" "Ba"  "sp3" }
>>     { "Ra2+" "Ra"  "sp3" }
>>     { "Al3+" "Al"  "sp3" }
>>     { "Fe3+" "Fe"  "sp3" }
>>     { "Cr3+" "Cr"  "sp3" }
>>     { "In3+" "In"  "sp3" }
>>     { "Tl3+" "Tl"  "sp3" }
>>     { "Y3+"  "Y"   "sp3" }
>>     { "La3+" "La"  "sp3" }
>>     { "Ce3+" "Ce"  "sp3" }
>>     { "Pr3+" "Pr"  "sp3" }
>>     { "Nd3+" "Nd"  "sp3" }
>>     { "Sm3+" "Sm"  "sp3" }
>>     { "Eu3+" "Eu"  "sp3" }
>>     { "Gd3+" "Gd"  "sp3" }
>>     { "Tb3+" "Tb"  "sp3" }
>>     { "Dy3+" "Dy"  "sp3" }
>>     { "Er3+" "Er"  "sp3" }
>>     { "Tm3+" "Tm"  "sp3" }
>>     { "Lu3+" "Lu"  "sp3" }
>>     { "Hf4+" "Hf"  "sp3" }
>>     { "Zr4+" "Zr"  "sp3" }
>>     { "Ce4+" "Ce"  "sp3" }
>>     { "U4+"  "U"   "sp3" }
>>     { "Pu4+" "Pu"  "sp3" }
>>     { "Th4+" "Th"  "sp3" }
>> }
>> loadOff atomic_ions.lib
Loading library: /opt/amber22-openmpi-4.1.2_intel-2021.6.0_cuda-11.4/dat/leap/lib/atomic_ions.lib
Loading: AG
Loading: AL
Loading: Ag
Loading: BA
Loading: BR
Loading: Be
Loading: CA
Loading: CD
Loading: CE
Loading: CL
Loading: CO
Loading: CR
Loading: CS
Loading: CU
Loading: CU1
Loading: Ce
Loading: Cl-
Loading: Cr
Loading: Dy
Loading: EU
Loading: EU3
Loading: Er
Loading: F
Loading: FE
Loading: FE2
Loading: GD3
Loading: H3O+
Loading: HE+
Loading: HG
Loading: HZ+
Loading: Hf
Loading: IN
Loading: IOD
Loading: K
Loading: K+
Loading: LA
Loading: LI
Loading: LU
Loading: MG
Loading: MN
Loading: NA
Loading: NH4
Loading: NI
Loading: Na+
Loading: Nd
Loading: PB
Loading: PD
Loading: PR
Loading: PT
Loading: Pu
Loading: RB
Loading: Ra
Loading: SM
Loading: SR
Loading: Sm
Loading: Sn
Loading: TB
Loading: TL
Loading: Th
Loading: Tl
Loading: Tm
Loading: U4+
Loading: V2+
Loading: Y
Loading: YB2
Loading: ZN
Loading: Zr
>> loadOff solvents.lib
Loading library: /opt/amber22-openmpi-4.1.2_intel-2021.6.0_cuda-11.4/dat/leap/lib/solvents.lib
Loading: CHCL3BOX
Loading: DC4
Loading: FB3
Loading: FB3BOX
Loading: FB4
Loading: FB4BOX
Loading: MEOHBOX
Loading: NMABOX
Loading: O3P
Loading: OP3
Loading: OPC
Loading: OPC3BOX
Loading: OPCBOX
Loading: PL3
Loading: POL3BOX
Loading: QSPCFWBOX
Loading: SPC
Loading: SPCBOX
Loading: SPCFWBOX
Loading: SPF
Loading: SPG
Loading: T4E
Loading: TIP3PBOX
Loading: TIP3PFBOX
Loading: TIP4PBOX
Loading: TIP4PEWBOX
Loading: TIP5PBOX
Loading: TP3
Loading: TP4
Loading: TP5
Loading: TPF
>> HOH = TP3
>> WAT = TP3
>> loadAmberParams frcmod.tip3p
Loading parameters: /opt/amber22-openmpi-4.1.2_intel-2021.6.0_cuda-11.4/dat/leap/parm/frcmod.tip3p
Reading force field modification type file (frcmod)
Reading title:
This is the additional/replacement parameter set for TIP3P water
>> loadAmberParams frcmod.ions1lm_126_tip3p
Loading parameters: /opt/amber22-openmpi-4.1.2_intel-2021.6.0_cuda-11.4/dat/leap/parm/frcmod.ions1lm_126_tip3p
Reading force field modification type file (frcmod)
Reading title:
Li/Merz ion parameters of monovalent ions for TIP3P water model (12-6 normal usage set)
>> loadAmberParams frcmod.ionsjc_tip3p
Loading parameters: /opt/amber22-openmpi-4.1.2_intel-2021.6.0_cuda-11.4/dat/leap/parm/frcmod.ionsjc_tip3p
Reading force field modification type file (frcmod)
Reading title:
Monovalent ion parameters for Ewald and TIP3P water from Joung & Cheatham JPCB (2008)
>> loadAmberParams frcmod.ions234lm_126_tip3p
Loading parameters: /opt/amber22-openmpi-4.1.2_intel-2021.6.0_cuda-11.4/dat/leap/parm/frcmod.ions234lm_126_tip3p
Reading force field modification type file (frcmod)
Reading title:
Li/Merz ion parameters of divalent to tetravalent ions for TIP3P water model (12-6 normal usage set)
>> 
> 
> source leaprc.gaff.mod
----- Source: ./leaprc.gaff.mod
----- Source of ./leaprc.gaff.mod done
>> logFile leap.log
log started: Wed Jul 19 18:49:03 2023

Log file: ./leap.log
>> #
>> # ----- leaprc for loading the general Amber Force field.
>> #       This file is mostly for use with Antechamber
>> #
>> #	load atom type hybridizations
>> #
>> addAtomTypes {
>> 	{ "h1"  "H" "sp3" }
>> 	{ "h2"  "H" "sp3" }
>> 	{ "h3"  "H" "sp3" }
>> 	{ "h4"  "H" "sp3" }
>> 	{ "h5"  "H" "sp3" }
>> 	{ "ha"  "H" "sp3" }
>> 	{ "hc"  "H" "sp3" }
>> 	{ "hn"  "H" "sp3" }
>> 	{ "ho"  "H" "sp3" }
>> 	{ "hp"  "H" "sp3" }
>> 	{ "hs"  "H" "sp3" }
>> 	{ "hw"  "H" "sp3" }
>> 	{ "hx"  "H" "sp3" }
>> 	{ "o"  "O" "sp2" }
>> 	{ "o2"  "O" "sp2" }
>> 	{ "oh"  "O" "sp3" }
>> 	{ "os"  "O" "sp3" }
>> 	{ "ow"  "O" "sp3" }
>> 	{ "c"  "C" "sp2" }
>> 	{ "c1"  "C" "sp2" }
>> 	{ "c2"  "C" "sp2" }
>> 	{ "c3"  "C" "sp3" }
>> 	{ "ca"  "C" "sp2" }
>> 	{ "cc"  "C" "sp2" }
>> 	{ "cd"  "C" "sp2" }
>> 	{ "ce"  "C" "sp2" }
>> 	{ "cf"  "C" "sp2" }
>> 	{ "cg"  "C" "sp2" }
>> 	{ "ch"  "C" "sp2" }
>> 	{ "cp"  "C" "sp2" }
>> 	{ "cq"  "C" "sp2" }
>> 	{ "cu"  "C" "sp2" }
>> 	{ "cv"  "C" "sp2" }
>> 	{ "cx"  "C" "sp2" }
>> 	{ "cy"  "C" "sp2" }
>> 	{ "n"   "N" "sp2" }
>> 	{ "n1"  "N" "sp2" }
>> 	{ "n2"  "N" "sp2" }
>> 	{ "n3"  "N" "sp3" }
>> 	{ "n4"  "N" "sp3" }
>> 	{ "na"  "N" "sp2" }
>> 	{ "nb"  "N" "sp2" }
>> 	{ "nc"  "N" "sp2" }
>> 	{ "nd"  "N" "sp2" }
>> 	{ "ne"  "N" "sp2" }
>> 	{ "nf"  "N" "sp2" }
>> 	{ "nh"  "N" "sp2" }
>> 	{ "no"  "N" "sp2" }
>> 	{ "s"   "S" "sp2" }
>> 	{ "s2"   "S" "sp2" }
>> 	{ "s3"   "S" "sp3" }
>> 	{ "s4"   "S" "sp3" }
>> 	{ "s6"   "S" "sp3" }
>> 	{ "sh"   "S" "sp3" }
>> 	{ "ss"   "S" "sp3" }
>> 	{ "sx"   "S" "sp3" }
>> 	{ "sy"   "S" "sp3" }
>> 	{ "p2"   "P" "sp2" }
>> 	{ "p3"   "P" "sp3" }
>> 	{ "p4"   "P" "sp3" }
>> 	{ "p5"   "P" "sp3" }
>> 	{ "pb"   "P" "sp3" }
>> 	{ "pd"   "P" "sp3" }
>> 	{ "px"   "P" "sp3" }
>> 	{ "py"   "P" "sp3" }
>> 	{ "f"   "F" "sp3" }
>> 	{ "cl"  "Cl" "sp3" }
>> 	{ "br"  "Br" "sp3" }
>> 	{ "i"   "I"  "sp3" }
>> }
>> #
>> #	Load the general force field parameter set.
>> #
>> gaff = loadamberparams gaff.dat.mod
Loading parameters: ./gaff.dat.mod
Reading title:
AMBER General Force Field for organic molecules (Version 1.4, March 2010) add. info. at the end
(UNKNOWN ATOM TYPE: cz)
> 
> loadamberparams frcmod.phos
Loading parameters: ./frcmod.phos
Reading force field modification type file (frcmod)
Reading title:
#  Modifications to the AMBER94 force field for polyphosphates
(UNKNOWN ATOM TYPE: O3)
> loadamberprep atp.prep
Loading Prep file: ./atp.prep
(UNKNOWN ATOM TYPE: O3)
(UNKNOWN ATOM TYPE: O3)
(UNKNOWN ATOM TYPE: O3)
Loaded UNIT: atp
> loadamberprep adp.prep
Loading Prep file: ./adp.prep
(UNKNOWN ATOM TYPE: O3)
(UNKNOWN ATOM TYPE: O3)
(UNKNOWN ATOM TYPE: O3)
Loaded UNIT: adp
> loadAmberPrep H2P.prepc
Loading Prep file: ./H2P.prepc
Loaded UNIT: h2p
> mol = loadpdb F1-IF1DP_syn120deg_stall_4amber.pdb
Loading PDB file: ./F1-IF1DP_syn120deg_stall_4amber.pdb
Matching PDB residue names to LEaP variables.
Mapped residue ASP, term: Terminal/beginning, seq. number: 0 to: NASP.
Mapped residue ALA, term: Terminal/last, seq. number: 486 to: CALA.
Mapped residue ASP, term: Terminal/beginning, seq. number: 487 to: NASP.
Mapped residue ALA, term: Terminal/last, seq. number: 973 to: CALA.
Mapped residue ASP, term: Terminal/beginning, seq. number: 974 to: NASP.
Mapped residue ALA, term: Terminal/last, seq. number: 1460 to: CALA.
Mapped residue THR, term: Terminal/beginning, seq. number: 1461 to: NTHR.
Mapped residue SER, term: Terminal/last, seq. number: 1930 to: CSER.
Mapped residue THR, term: Terminal/beginning, seq. number: 1931 to: NTHR.
Mapped residue SER, term: Terminal/last, seq. number: 2400 to: CSER.
Mapped residue THR, term: Terminal/beginning, seq. number: 2401 to: NTHR.
Mapped residue SER, term: Terminal/last, seq. number: 2870 to: CSER.
Mapped residue ALA, term: Terminal/beginning, seq. number: 2871 to: NALA.
Mapped residue LEU, term: Terminal/last, seq. number: 3142 to: CLEU.
Mapped residue ALA, term: Terminal/beginning, seq. number: 3143 to: NALA.
Mapped residue GLU, term: Terminal/last, seq. number: 3288 to: CGLU.
Mapped residue VAL, term: Terminal/beginning, seq. number: 3289 to: NVAL.
Mapped residue GLU, term: Terminal/last, seq. number: 3338 to: CGLU.
Mapped residue GLY, term: Terminal/beginning, seq. number: 3339 to: NGLY.
Mapped residue ILE, term: Terminal/last, seq. number: 3398 to: CILE.
  Added missing heavy atom: .R<atp 3406>.A<PG 2>
  total atoms in file: 26046
  Leap added 26480 missing atoms according to residue templates:
       1 Heavy
       26476 H / lone pairs
       3 unknown element
> solvatebox mol TIP3PBOX 10.0
  Solute vdw bounding box:              122.450 120.730 149.503
  Total bounding box for atom centers:  142.450 140.730 169.503
  Solvent unit box:                     18.774 18.774 18.774
The number of boxes:  x= 8  y= 8  z=10
  Total vdw box size:                   145.601 143.696 172.795 angstroms.
  Volume: 3615267.514 A^3 
  Total mass 1931866.161 amu,  Density 0.887 g/cc
  Added 86653 residues.
> charge mol
Total unperturbed charge: -51.999998
Total perturbed charge:   -51.999998
> addIons mol K+ 353
Adding 353 counter ions to "mol" using 1A grid
Total solute charge:  -52.00  Max atom radius:   2.10
Grid extends from solute vdw + 12.06  to  18.16
Box:
   enclosing:  -78.74 -77.26 -91.28   77.55 76.60 91.40
   sized:			      177.26 178.74 164.72
   edge:        256.00
Resolution:      1.00 Angstrom.
Tree depth: 8
Volume =  2.29% of box, grid points 384576
Solvent present: replacing closest with ion
	 when steric overlaps occur
Calculating grid charges
(Replacing solvent molecule)
Placed K+ in mol at (29.09, -20.75, 26.81).
(Replacing solvent molecule)
Placed K+ in mol at (31.42, 18.90, 31.32).
(Replacing solvent molecule)
Placed K+ in mol at (21.46, 4.03, 52.76).
(Replacing solvent molecule)
Placed K+ in mol at (-1.97, 1.38, -67.55).
(Replacing solvent molecule)
Placed K+ in mol at (7.04, 7.94, 77.01).
(Replacing solvent molecule)
Placed K+ in mol at (4.12, 36.71, 27.79).
(Replacing solvent molecule)
Placed K+ in mol at (-17.87, -28.56, 45.07).
(Replacing solvent molecule)
Placed K+ in mol at (-7.79, -7.39, 76.41).
(Replacing solvent molecule)
Placed K+ in mol at (14.02, -30.97, 31.69).
(Replacing solvent molecule)
Placed K+ in mol at (-45.14, -7.09, 24.20).
(Replacing solvent molecule)
Placed K+ in mol at (-12.45, -39.27, 14.86).
(Replacing solvent molecule)
Placed K+ in mol at (45.83, -34.08, -11.78).
(Replacing solvent molecule)
Placed K+ in mol at (21.97, 54.38, -4.43).
(Replacing solvent molecule)
Placed K+ in mol at (-31.49, 26.51, 32.36).
(Replacing solvent molecule)
Placed K+ in mol at (45.12, 21.24, 19.90).
(Replacing solvent molecule)
Placed K+ in mol at (47.16, -33.08, -42.06).
(Replacing solvent molecule)
Placed K+ in mol at (50.58, -18.47, 18.62).
(Replacing solvent molecule)
Placed K+ in mol at (-57.47, -14.31, -8.81).
(Replacing solvent molecule)
Placed K+ in mol at (-19.60, 51.27, 19.56).
(Replacing solvent molecule)
Placed K+ in mol at (-2.77, -19.44, 67.23).
(Replacing solvent molecule)
Placed K+ in mol at (2.88, 64.07, -19.50).
(Replacing solvent molecule)
Placed K+ in mol at (-31.04, -49.39, -9.11).
(Replacing solvent molecule)
Placed K+ in mol at (60.80, 3.28, -6.84).
(Replacing solvent molecule)
Placed K+ in mol at (12.40, 4.63, -77.25).
(Replacing solvent molecule)
Placed K+ in mol at (8.49, 50.50, -50.46).
(Replacing solvent molecule)
Placed K+ in mol at (17.55, -13.15, 73.12).
(Replacing solvent molecule)
Placed K+ in mol at (-43.92, -25.36, 27.23).
(Replacing solvent molecule)
Placed K+ in mol at (-19.86, -5.20, -78.04).
(Replacing solvent molecule)
Placed K+ in mol at (-7.59, 11.68, 80.53).
(Replacing solvent molecule)
Placed K+ in mol at (19.27, 30.20, 29.86).
(Replacing solvent molecule)
Placed K+ in mol at (-33.73, 42.06, 8.48).
(Replacing solvent molecule)
Placed K+ in mol at (-10.80, -51.69, -46.80).
(Replacing solvent molecule)
Placed K+ in mol at (-44.62, 25.96, 55.04).
(Replacing solvent molecule)
Placed K+ in mol at (31.12, -12.05, 42.54).
(Replacing solvent molecule)
Placed K+ in mol at (38.10, -25.18, -53.52).
(Replacing solvent molecule)
Placed K+ in mol at (-24.90, -37.42, 31.32).
(Replacing solvent molecule)
Placed K+ in mol at (63.68, -16.63, -27.03).
(Replacing solvent molecule)
Placed K+ in mol at (0.85, 28.38, -76.72).
(Replacing solvent molecule)
Placed K+ in mol at (-55.83, -7.35, 11.09).
(Replacing solvent molecule)
Placed K+ in mol at (7.79, 28.73, 61.80).
(Replacing solvent molecule)
Placed K+ in mol at (34.12, -45.39, -8.80).
(Replacing solvent molecule)
Placed K+ in mol at (-67.31, 9.96, -32.07).
(Replacing solvent molecule)
Placed K+ in mol at (58.75, 0.25, 16.33).
(Replacing solvent molecule)
Placed K+ in mol at (-45.51, -16.45, -52.21).
(Replacing solvent molecule)
Placed K+ in mol at (-47.85, -8.03, 70.07).
(Replacing solvent molecule)
Placed K+ in mol at (45.83, 22.24, -49.32).
(Replacing solvent molecule)
Placed K+ in mol at (26.52, 49.87, 19.48).
(Replacing solvent molecule)
Placed K+ in mol at (14.95, -54.57, 28.31).
(Replacing solvent molecule)
Placed K+ in mol at (-39.51, 38.93, -48.78).
(Replacing solvent molecule)
Placed K+ in mol at (-57.55, 23.59, 25.99).
(Replacing solvent molecule)
Placed K+ in mol at (-56.77, -20.08, -23.92).
(Replacing solvent molecule)
Placed K+ in mol at (7.36, 58.47, -8.25).
(Replacing solvent molecule)
Placed K+ in mol at (44.20, 10.35, 40.76).
(Replacing solvent molecule)
Placed K+ in mol at (-27.94, 42.01, 51.81).
(Replacing solvent molecule)
Placed K+ in mol at (-26.18, -24.08, 67.75).
(Replacing solvent molecule)
Placed K+ in mol at (37.39, -32.45, 13.37).
(Replacing solvent molecule)
Placed K+ in mol at (40.27, 53.76, -33.60).
(Replacing solvent molecule)
Placed K+ in mol at (-0.33, -34.90, 38.00).
(Replacing solvent molecule)
Placed K+ in mol at (-38.70, 23.24, -65.13).
(Replacing solvent molecule)
Placed K+ in mol at (1.08, -39.84, -63.93).
(Replacing solvent molecule)
Placed K+ in mol at (-42.93, 16.95, 73.09).
(Replacing solvent molecule)
Placed K+ in mol at (49.89, 44.28, 23.76).
(Replacing solvent molecule)
Placed K+ in mol at (34.12, 29.71, -65.12).
(No solvent overlap)
Placed K+ in mol at (-24.74, 71.74, -21.28).
(Replacing solvent molecule)
Placed K+ in mol at (17.06, 9.79, 68.29).
(Replacing solvent molecule)
Placed K+ in mol at (-49.89, -39.91, -27.47).
(Replacing solvent molecule)
Placed K+ in mol at (-7.79, 11.39, -73.79).
(Replacing solvent molecule)
Placed K+ in mol at (-8.04, -64.09, 15.86).
(Replacing solvent molecule)
Placed K+ in mol at (-15.94, 32.98, 32.07).
(Replacing solvent molecule)
Placed K+ in mol at (62.04, -24.76, -39.73).
(Replacing solvent molecule)
Placed K+ in mol at (27.95, -57.79, -26.64).
(Replacing solvent molecule)
Placed K+ in mol at (-31.21, -21.95, -76.49).
(Replacing solvent molecule)
Placed K+ in mol at (-64.11, 30.16, -36.24).
(Replacing solvent molecule)
Placed K+ in mol at (64.96, 36.52, -12.68).
(Replacing solvent molecule)
Placed K+ in mol at (-53.64, -14.74, 52.76).
(Replacing solvent molecule)
Placed K+ in mol at (-11.25, 43.34, 80.48).
(Replacing solvent molecule)
Placed K+ in mol at (27.25, -8.03, -80.12).
(Replacing solvent molecule)
Placed K+ in mol at (-5.62, 65.35, -42.62).
(Replacing solvent molecule)
Placed K+ in mol at (58.32, -18.21, -8.46).
(Replacing solvent molecule)
Placed K+ in mol at (-71.03, 14.45, 10.71).
(Replacing solvent molecule)
Placed K+ in mol at (-0.82, -61.37, -36.76).
(Replacing solvent molecule)
Placed K+ in mol at (-15.08, 56.62, 5.95).
(Replacing solvent molecule)
Placed K+ in mol at (-14.15, 47.90, -73.86).
(Replacing solvent molecule)
Placed K+ in mol at (30.71, -48.00, 26.53).
(No solvent overlap)
Placed K+ in mol at (1.26, -23.26, -86.28).
(No solvent overlap)
Placed K+ in mol at (77.26, 3.74, -31.28).
(Replacing solvent molecule)
Placed K+ in mol at (-26.60, -50.96, 7.02).
(Replacing solvent molecule)
Placed K+ in mol at (40.40, 64.58, 5.28).
(No solvent overlap)
Placed K+ in mol at (-26.74, 27.74, 89.72).
(Replacing solvent molecule)
Placed K+ in mol at (-58.74, 40.97, 14.23).
(Replacing solvent molecule)
Placed K+ in mol at (-32.92, -63.49, -29.73).
(No solvent overlap)
Placed K+ in mol at (23.26, 24.74, -89.28).
(Replacing solvent molecule)
Placed K+ in mol at (-40.04, -39.99, 58.59).
(Replacing solvent molecule)
Placed K+ in mol at (31.12, -68.37, 4.99).
(Replacing solvent molecule)
Placed K+ in mol at (-60.15, 1.75, -9.24).
(Replacing solvent molecule)
Placed K+ in mol at (15.00, -24.34, 61.96).
(Replacing solvent molecule)
Placed K+ in mol at (65.58, 4.11, -56.82).
(Replacing solvent molecule)
Placed K+ in mol at (-65.36, -1.32, -53.58).
(Replacing solvent molecule)
Placed K+ in mol at (56.87, -6.41, 40.35).
(Replacing solvent molecule)
Placed K+ in mol at (39.86, 57.63, -55.91).
(Replacing solvent molecule)
Placed K+ in mol at (-62.34, 9.63, 58.83).
(Replacing solvent molecule)
Placed K+ in mol at (-6.37, 42.18, 54.17).
(Replacing solvent molecule)
Placed K+ in mol at (23.36, -63.16, -52.14).
(Replacing solvent molecule)
Placed K+ in mol at (-53.71, -45.94, -52.84).
(Replacing solvent molecule)
Placed K+ in mol at (-33.46, 66.74, -45.81).
(Replacing solvent molecule)
Placed K+ in mol at (-25.59, -5.55, 74.48).
(Replacing solvent molecule)
Placed K+ in mol at (-37.06, 11.43, -82.79).
(Replacing solvent molecule)
Placed K+ in mol at (28.03, 60.44, -19.27).
(Replacing solvent molecule)
Placed K+ in mol at (-56.34, -35.59, 9.24).
(Replacing solvent molecule)
Placed K+ in mol at (63.34, 52.72, 2.74).
(Replacing solvent molecule)
Placed K+ in mol at (-43.57, 65.96, -16.27).
(No solvent overlap)
Placed K+ in mol at (6.26, -76.26, 12.72).
(Replacing solvent molecule)
Placed K+ in mol at (57.46, -15.34, -67.70).
(No solvent overlap)
Placed K+ in mol at (8.26, -7.26, 85.72).
(Replacing solvent molecule)
Placed K+ in mol at (4.48, 51.83, 21.60).
(Replacing solvent molecule)
Placed K+ in mol at (-19.60, -42.60, -74.31).
(Replacing solvent molecule)
Placed K+ in mol at (49.54, -34.14, -27.02).
(Replacing solvent molecule)
Placed K+ in mol at (-65.49, 23.24, -60.83).
(Replacing solvent molecule)
Placed K+ in mol at (61.51, 51.49, -31.46).
(No solvent overlap)
Placed K+ in mol at (-75.74, 28.74, -18.28).
(Replacing solvent molecule)
Placed K+ in mol at (-32.75, 39.12, 70.25).
(No solvent overlap)
Placed K+ in mol at (14.26, -75.26, -26.28).
(Replacing solvent molecule)
Placed K+ in mol at (12.75, 47.18, -72.59).
(No solvent overlap)
Placed K+ in mol at (71.26, 23.74, 6.72).
(Replacing solvent molecule)
Placed K+ in mol at (17.63, -33.08, -83.91).
(Replacing solvent molecule)
Placed K+ in mol at (4.59, 30.71, 79.28).
(Replacing solvent molecule)
Placed K+ in mol at (-47.85, -26.80, 70.07).
(Replacing solvent molecule)
Placed K+ in mol at (-64.37, -26.54, -40.46).
(Replacing solvent molecule)
Placed K+ in mol at (42.09, 9.66, -78.70).
(Replacing solvent molecule)
Placed K+ in mol at (-54.00, 5.88, 29.35).
(Replacing solvent molecule)
Placed K+ in mol at (37.53, 39.50, 28.02).
(Replacing solvent molecule)
Placed K+ in mol at (-26.18, 32.25, -82.45).
(Replacing solvent molecule)
Placed K+ in mol at (-11.22, -48.70, 35.83).
(Replacing solvent molecule)
Placed K+ in mol at (-53.71, 47.94, -34.07).
(Replacing solvent molecule)
Placed K+ in mol at (32.30, -12.07, 58.74).
(Replacing solvent molecule)
Placed K+ in mol at (38.18, -47.75, -54.97).
(Replacing solvent molecule)
Placed K+ in mol at (22.86, 66.74, -45.81).
(Replacing solvent molecule)
Placed K+ in mol at (-27.82, -57.65, -53.58).
(Replacing solvent molecule)
Placed K+ in mol at (70.18, 22.56, -35.80).
(Replacing solvent molecule)
Placed K+ in mol at (-41.32, -43.12, 24.42).
(Replacing solvent molecule)
Placed K+ in mol at (59.18, -29.29, 5.28).
(Replacing solvent molecule)
Placed K+ in mol at (-36.55, 36.56, 20.70).
(Replacing solvent molecule)
Placed K+ in mol at (-49.31, -3.61, -72.36).
(No solvent overlap)
Placed K+ in mol at (-33.74, 6.74, 86.72).
(Replacing solvent molecule)
Placed K+ in mol at (1.74, 69.45, 7.50).
(Replacing solvent molecule)
Placed K+ in mol at (-17.28, 62.61, -59.13).
(Replacing solvent molecule)
Placed K+ in mol at (-43.29, -55.09, -16.09).
(Replacing solvent molecule)
Placed K+ in mol at (56.81, 11.43, 29.86).
(Replacing solvent molecule)
Placed K+ in mol at (42.87, -54.73, 8.66).
(Replacing solvent molecule)
Placed K+ in mol at (-70.75, 41.07, 0.14).
(Replacing solvent molecule)
Placed K+ in mol at (-12.12, -27.20, 59.53).
(Replacing solvent molecule)
Placed K+ in mol at (53.34, 45.56, -54.44).
(No solvent overlap)
Placed K+ in mol at (-0.74, -74.26, -9.28).
(Replacing solvent molecule)
Placed K+ in mol at (-4.59, -10.64, -76.09).
(Replacing solvent molecule)
Placed K+ in mol at (16.01, 18.11, 48.45).
(No solvent overlap)
Placed K+ in mol at (-75.74, 2.74, 2.72).
(No solvent overlap)
Placed K+ in mol at (73.26, -2.26, -16.28).
(Replacing solvent molecule)
Placed K+ in mol at (23.25, -34.27, 49.49).
(Replacing solvent molecule)
Placed K+ in mol at (34.90, -31.37, -70.42).
(Replacing solvent molecule)
Placed K+ in mol at (-1.72, 47.34, 68.29).
(Replacing solvent molecule)
Placed K+ in mol at (52.11, 61.35, -9.20).
(No solvent overlap)
Placed K+ in mol at (-15.74, 75.74, -36.28).
(Replacing solvent molecule)
Placed K+ in mol at (-31.12, -17.88, 36.81).
(Replacing solvent molecule)
Placed K+ in mol at (6.34, -59.50, -57.72).
(Replacing solvent molecule)
Placed K+ in mol at (-54.62, 22.16, 68.29).
(Replacing solvent molecule)
Placed K+ in mol at (-32.44, 44.27, -68.71).
(Replacing solvent molecule)
Placed K+ in mol at (22.88, 1.88, 77.65).
(Replacing solvent molecule)
Placed K+ in mol at (-40.32, -38.22, -64.19).
(Replacing solvent molecule)
Placed K+ in mol at (68.73, 30.97, -10.32).
(Replacing solvent molecule)
Placed K+ in mol at (22.09, -67.32, 20.69).
(No solvent overlap)
Placed K+ in mol at (9.26, 17.74, -89.28).
(Replacing solvent molecule)
Placed K+ in mol at (68.66, -12.05, -51.33).
(Replacing solvent molecule)
Placed K+ in mol at (-61.08, -30.97, -5.86).
(Replacing solvent molecule)
Placed K+ in mol at (-31.22, 54.60, -3.91).
(Replacing solvent molecule)
Placed K+ in mol at (-16.46, -69.21, -26.97).
(No solvent overlap)
Placed K+ in mol at (-8.74, 26.74, 89.72).
(Replacing solvent molecule)
Placed K+ in mol at (41.90, 59.84, 18.91).
(Replacing solvent molecule)
Placed K+ in mol at (-68.44, -8.43, -34.34).
(Replacing solvent molecule)
Placed K+ in mol at (43.89, -21.95, 36.15).
(Replacing solvent molecule)
Placed K+ in mol at (8.49, 69.28, -31.68).
(No solvent overlap)
Placed K+ in mol at (-20.74, 9.74, -88.28).
(Replacing solvent molecule)
Placed K+ in mol at (-16.05, -21.34, 79.05).
(Replacing solvent molecule)
Placed K+ in mol at (41.90, -52.80, -37.41).
(Replacing solvent molecule)
Placed K+ in mol at (-53.83, 24.15, 41.85).
(Replacing solvent molecule)
Placed K+ in mol at (50.33, 18.90, -66.86).
(Replacing solvent molecule)
Placed K+ in mol at (-44.77, -57.82, -41.92).
(Replacing solvent molecule)
Placed K+ in mol at (-55.34, 53.60, -2.38).
(Replacing solvent molecule)
Placed K+ in mol at (-51.46, -31.41, 49.11).
(Replacing solvent molecule)
Placed K+ in mol at (-18.28, -26.12, -82.79).
(Replacing solvent molecule)
Placed K+ in mol at (30.71, -66.77, -11.02).
(Replacing solvent molecule)
Placed K+ in mol at (62.48, -9.41, 7.78).
(Replacing solvent molecule)
Placed K+ in mol at (-58.81, 35.11, -54.06).
(Replacing solvent molecule)
Placed K+ in mol at (25.10, 35.82, -79.01).
(Replacing solvent molecule)
Placed K+ in mol at (-20.14, 48.02, 59.61).
(Replacing solvent molecule)
Placed K+ in mol at (-15.46, -67.32, 1.92).
(Replacing solvent molecule)
Placed K+ in mol at (-55.63, 2.06, 71.73).
(Replacing solvent molecule)
Placed K+ in mol at (35.65, 10.47, 52.51).
(Replacing solvent molecule)
Placed K+ in mol at (-9.27, 69.10, -9.13).
(Replacing solvent molecule)
Placed K+ in mol at (-70.47, 29.12, 20.01).
(Replacing solvent molecule)
Placed K+ in mol at (42.87, -9.74, -76.26).
(Replacing solvent molecule)
Placed K+ in mol at (62.75, 38.44, 18.04).
(Replacing solvent molecule)
Placed K+ in mol at (4.08, -64.68, 29.29).
(Replacing solvent molecule)
Placed K+ in mol at (-48.29, -50.69, 2.51).
(Replacing solvent molecule)
Placed K+ in mol at (65.47, -30.34, -24.17).
(Replacing solvent molecule)
Placed K+ in mol at (25.10, 54.60, -60.23).
(Replacing solvent molecule)
Placed K+ in mol at (19.78, -42.32, -70.20).
(Replacing solvent molecule)
Placed K+ in mol at (-71.03, 14.45, -45.61).
(Replacing solvent molecule)
Placed K+ in mol at (4.11, -35.67, 58.87).
(Replacing solvent molecule)
Placed K+ in mol at (-9.60, 36.08, -82.96).
(Replacing solvent molecule)
Placed K+ in mol at (-8.23, 43.14, 28.64).
(Replacing solvent molecule)
Placed K+ in mol at (-41.75, 66.72, -32.05).
(Replacing solvent molecule)
Placed K+ in mol at (49.73, 60.88, -24.39).
(No solvent overlap)
Placed K+ in mol at (-5.74, 0.74, 87.72).
(No solvent overlap)
Placed K+ in mol at (13.26, -16.26, -89.28).
(Replacing solvent molecule)
Placed K+ in mol at (-56.81, -21.17, 18.67).
(Replacing solvent molecule)
Placed K+ in mol at (-55.69, -28.98, -54.97).
(Replacing solvent molecule)
Placed K+ in mol at (60.80, 14.28, -15.94).
(Replacing solvent molecule)
Placed K+ in mol at (19.75, -21.50, 35.17).
(No solvent overlap)
Placed K+ in mol at (-76.74, 20.74, -2.28).
(Replacing solvent molecule)
Placed K+ in mol at (25.29, 63.25, 9.66).
(Replacing solvent molecule)
Placed K+ in mol at (-26.00, 40.06, 81.92).
(Replacing solvent molecule)
Placed K+ in mol at (-54.59, 13.13, -67.60).
(Replacing solvent molecule)
Placed K+ in mol at (-6.78, -52.92, -64.57).
(No solvent overlap)
Placed K+ in mol at (17.26, -75.26, -3.28).
(Replacing solvent molecule)
Placed K+ in mol at (-40.40, -18.24, 78.61).
(Replacing solvent molecule)
Placed K+ in mol at (-38.03, 53.93, -56.42).
(Replacing solvent molecule)
Placed K+ in mol at (62.48, -9.41, 26.55).
(Replacing solvent molecule)
Placed K+ in mol at (-61.39, -2.29, 48.10).
(Replacing solvent molecule)
Placed K+ in mol at (59.52, 35.61, -41.98).
(Replacing solvent molecule)
Placed K+ in mol at (-45.66, 51.38, 15.61).
(Replacing solvent molecule)
Placed K+ in mol at (56.87, -25.18, -53.52).
(Replacing solvent molecule)
Placed K+ in mol at (-27.82, -38.87, 59.07).
(Replacing solvent molecule)
Placed K+ in mol at (-1.72, 47.34, -63.13).
(Replacing solvent molecule)
Placed K+ in mol at (-35.43, -6.93, -78.09).
(Replacing solvent molecule)
Placed K+ in mol at (-65.49, 42.01, -23.28).
(Replacing solvent molecule)
Placed K+ in mol at (17.55, -69.47, -39.52).
(Replacing solvent molecule)
Placed K+ in mol at (-63.10, -34.14, -27.02).
(Replacing solvent molecule)
Placed K+ in mol at (27.75, -42.00, 36.57).
(Replacing solvent molecule)
Placed K+ in mol at (28.84, 10.11, -84.24).
(Replacing solvent molecule)
Placed K+ in mol at (-6.37, 68.52, -29.09).
(No solvent overlap)
Placed K+ in mol at (73.26, -9.26, -36.28).
(Replacing solvent molecule)
Placed K+ in mol at (7.90, -26.54, 73.01).
(Replacing solvent molecule)
Placed K+ in mol at (-20.07, -57.33, -13.50).
(Replacing solvent molecule)
Placed K+ in mol at (48.92, 32.25, 30.20).
(Replacing solvent molecule)
Placed K+ in mol at (47.55, -41.09, 1.40).
(Replacing solvent molecule)
Placed K+ in mol at (16.35, 22.20, 70.55).
(Replacing solvent molecule)
Placed K+ in mol at (-70.75, 3.52, -18.63).
(Replacing solvent molecule)
Placed K+ in mol at (1.75, -36.83, -80.81).
(Replacing solvent molecule)
Placed K+ in mol at (44.06, 44.48, -65.43).
(Replacing solvent molecule)
Placed K+ in mol at (-40.87, 36.23, 44.62).
(Replacing solvent molecule)
Placed K+ in mol at (-29.52, -50.69, 21.28).
(Replacing solvent molecule)
Placed K+ in mol at (44.61, -3.33, 50.37).
(Replacing solvent molecule)
Placed K+ in mol at (-16.66, -66.53, -41.59).
(Replacing solvent molecule)
Placed K+ in mol at (-67.53, 2.46, 19.90).
(Replacing solvent molecule)
Placed K+ in mol at (-7.07, 63.51, 17.50).
(Replacing solvent molecule)
Placed K+ in mol at (42.37, -50.00, -21.53).
(No solvent overlap)
Placed K+ in mol at (-20.74, 15.74, 88.72).
(Replacing solvent molecule)
Placed K+ in mol at (26.57, 66.28, -32.07).
(Replacing solvent molecule)
Placed K+ in mol at (62.33, 17.34, -50.71).
(Replacing solvent molecule)
Placed K+ in mol at (4.12, -38.39, 27.79).
(Replacing solvent molecule)
Placed K+ in mol at (-41.14, -53.25, -57.24).
(No solvent overlap)
Placed K+ in mol at (-75.74, 24.74, -31.28).
(Replacing solvent molecule)
Placed K+ in mol at (6.44, 35.19, 47.63).
(No solvent overlap)
Placed K+ in mol at (-18.74, 72.74, -49.28).
(Replacing solvent molecule)
Placed K+ in mol at (56.87, 12.47, 13.63).
(Replacing solvent molecule)
Placed K+ in mol at (57.44, -1.26, -68.59).
(Replacing solvent molecule)
Placed K+ in mol at (-38.97, 27.47, 80.54).
(Replacing solvent molecule)
Placed K+ in mol at (53.56, 55.66, 10.91).
(Replacing solvent molecule)
Placed K+ in mol at (-30.93, 69.37, -8.83).
(Replacing solvent molecule)
Placed K+ in mol at (-58.47, -11.85, 65.07).
(Replacing solvent molecule)
Placed K+ in mol at (-36.47, -21.07, -63.93).
(Replacing solvent molecule)
Placed K+ in mol at (9.51, 31.56, -84.23).
(Replacing solvent molecule)
Placed K+ in mol at (33.82, -62.36, 17.24).
(Replacing solvent molecule)
Placed K+ in mol at (16.17, 52.19, 11.84).
(Replacing solvent molecule)
Placed K+ in mol at (-20.09, -45.56, -55.87).
(No solvent overlap)
Placed K+ in mol at (74.26, 14.74, -23.28).
(No solvent overlap)
Placed K+ in mol at (-4.74, -75.26, 7.72).
(Replacing solvent molecule)
Placed K+ in mol at (28.87, -22.08, -81.17).
(Replacing solvent molecule)
Placed K+ in mol at (-65.36, -20.10, 2.74).
(Replacing solvent molecule)
Placed K+ in mol at (47.94, 57.37, -44.84).
(Replacing solvent molecule)
Placed K+ in mol at (-48.97, -54.18, -27.03).
(Replacing solvent molecule)
Placed K+ in mol at (69.35, 38.78, 2.68).
(Replacing solvent molecule)
Placed K+ in mol at (-52.24, 29.19, -64.58).
(Replacing solvent molecule)
Placed K+ in mol at (-36.43, -38.80, 44.05).
(Replacing solvent molecule)
Placed K+ in mol at (26.36, -51.31, -58.71).
(Replacing solvent molecule)
Placed K+ in mol at (22.89, -0.84, 65.34).
(Replacing solvent molecule)
Placed K+ in mol at (-26.02, 45.50, 29.89).
(Replacing solvent molecule)
Placed K+ in mol at (6.15, 65.68, -48.54).
(Replacing solvent molecule)
Placed K+ in mol at (-14.30, 22.05, -81.94).
(Replacing solvent molecule)
Placed K+ in mol at (45.07, -31.76, 24.16).
(Replacing solvent molecule)
Placed K+ in mol at (-0.16, -70.00, -24.18).
(Replacing solvent molecule)
Placed K+ in mol at (-2.14, -68.17, -28.81).
(Replacing solvent molecule)
Placed K+ in mol at (-60.54, -13.75, -46.75).
(Replacing solvent molecule)
Placed K+ in mol at (34.95, 52.19, 30.61).
(Replacing solvent molecule)
Placed K+ in mol at (-69.09, 17.34, 24.38).
(Replacing solvent molecule)
Placed K+ in mol at (-48.42, 48.56, -20.86).
(Replacing solvent molecule)
Placed K+ in mol at (-36.05, -31.26, 72.29).
(Replacing solvent molecule)
Placed K+ in mol at (59.70, 50.37, -17.80).
(Replacing solvent molecule)
Placed K+ in mol at (4.79, 39.12, 70.25).
(Replacing solvent molecule)
Placed K+ in mol at (-25.55, -15.37, -83.34).
(Replacing solvent molecule)
Placed K+ in mol at (1.14, -15.34, 82.49).
(Replacing solvent molecule)
Placed K+ in mol at (-40.77, 3.51, 79.07).
(Replacing solvent molecule)
Placed K+ in mol at (58.06, -36.20, -33.54).
(No solvent overlap)
Placed K+ in mol at (-30.74, 74.74, -30.28).
(Replacing solvent molecule)
Placed K+ in mol at (31.93, 65.35, -5.07).
(Replacing solvent molecule)
Placed K+ in mol at (29.76, -26.16, 57.63).
(Replacing solvent molecule)
Placed K+ in mol at (36.32, 24.40, -77.07).
(Replacing solvent molecule)
Placed K+ in mol at (-52.26, -41.87, -8.07).
(Replacing solvent molecule)
Placed K+ in mol at (-70.30, 39.12, 13.93).
(Replacing solvent molecule)
Placed K+ in mol at (33.10, 21.86, 44.35).
(Replacing solvent molecule)
Placed K+ in mol at (-22.51, 50.29, -57.85).
(No solvent overlap)
Placed K+ in mol at (-14.74, 36.74, 88.72).
(Replacing solvent molecule)
Placed K+ in mol at (70.34, 6.57, -43.41).
(Replacing solvent molecule)
Placed K+ in mol at (29.44, -61.27, -40.71).
(Replacing solvent molecule)
Placed K+ in mol at (-57.40, -42.75, -40.49).
(Replacing solvent molecule)
Placed K+ in mol at (-52.21, -16.90, 40.10).
(No solvent overlap)
Placed K+ in mol at (2.26, -10.26, -87.28).
(Replacing solvent molecule)
Placed K+ in mol at (-38.85, 36.55, 61.59).
(Replacing solvent molecule)
Placed K+ in mol at (38.53, -59.05, -2.38).
(Replacing solvent molecule)
Placed K+ in mol at (-34.87, 22.81, -78.66).
(Replacing solvent molecule)
Placed K+ in mol at (68.66, -12.05, -13.79).
(Replacing solvent molecule)
Placed K+ in mol at (4.12, 17.93, 84.12).
(Replacing solvent molecule)
Placed K+ in mol at (-67.20, 11.01, -58.41).
(Replacing solvent molecule)
Placed K+ in mol at (-12.15, -43.28, 47.49).
(Replacing solvent molecule)
Placed K+ in mol at (61.63, 3.29, 34.87).
(Replacing solvent molecule)
Placed K+ in mol at (64.48, 38.32, -29.29).
(Replacing solvent molecule)
Placed K+ in mol at (-52.63, 37.85, 24.72).
(No solvent overlap)
Placed K+ in mol at (18.26, -75.26, 9.72).
(Replacing solvent molecule)
Placed K+ in mol at (-43.68, 56.45, -43.78).
(Replacing solvent molecule)
Placed K+ in mol at (34.78, -19.44, -64.19).
(Replacing solvent molecule)
Placed K+ in mol at (-10.70, -35.70, -80.75).
(Replacing solvent molecule)
Placed K+ in mol at (16.81, 44.56, 31.04).
(Replacing solvent molecule)
Placed K+ in mol at (-15.92, -48.07, 5.28).
(Replacing solvent molecule)
Placed K+ in mol at (-59.75, 10.93, 47.52).
(No solvent overlap)
Placed K+ in mol at (-75.74, 15.74, -20.28).
(Replacing solvent molecule)
Placed K+ in mol at (15.80, 64.33, -16.89).
(Replacing solvent molecule)
Placed K+ in mol at (-18.19, -3.16, 83.52).
(Replacing solvent molecule)
Placed K+ in mol at (28.04, 39.46, -58.52).
(Replacing solvent molecule)
Placed K+ in mol at (68.28, 13.22, -0.62).
(Replacing solvent molecule)
Placed K+ in mol at (-65.93, -9.41, -18.32).
(Replacing solvent molecule)
Placed K+ in mol at (-17.87, 46.54, 45.07).
(Replacing solvent molecule)
Placed K+ in mol at (-49.09, -1.67, -55.48).
(Replacing solvent molecule)
Placed K+ in mol at (58.64, -31.67, -8.20).
(Replacing solvent molecule)
Placed K+ in mol at (-64.56, 43.14, -8.91).
(Replacing solvent molecule)
Placed K+ in mol at (20.78, 0.56, -83.55).
(Replacing solvent molecule)
Placed K+ in mol at (26.36, -70.08, -21.16).
(Replacing solvent molecule)
Placed K+ in mol at (14.95, 1.75, 84.63).
(Replacing solvent molecule)
Placed K+ in mol at (-53.71, -27.16, 59.81).
(Replacing solvent molecule)
Placed K+ in mol at (-6.37, 60.96, -58.48).
(No solvent overlap)
Placed K+ in mol at (-29.74, 2.74, -87.28).
(Replacing solvent molecule)
Placed K+ in mol at (64.80, -8.03, -61.35).
(Replacing solvent molecule)
Placed K+ in mol at (-12.73, 48.76, 68.43).
(Replacing solvent molecule)
Placed K+ in mol at (-43.17, -47.29, 13.71).

Done adding ions.
> addIons mol Cl- 301
Adding 301 counter ions to "mol" using 1A grid
Total solute charge:  301.00  Max atom radius:   2.10
Grid extends from solute vdw + 16.86  to  22.96
Box:
   enclosing:  -99.70 -99.22 -112.24   100.22 98.70 112.68
   sized:			      156.30 156.78 143.76
   edge:        256.00
Resolution:      1.00 Angstrom.
Tree depth: 8
Volume =  3.56% of box, grid points 596808
Solvent present: replacing closest with ion
	 when steric overlaps occur
Calculating grid charges
(Replacing solvent molecule)
Placed Cl- in mol at (2.72, 53.76, 41.50).
(Replacing solvent molecule)
Placed Cl- in mol at (11.94, -48.00, 45.30).
(Replacing solvent molecule)
Placed Cl- in mol at (24.09, 39.15, 46.21).
(Replacing solvent molecule)
Placed Cl- in mol at (-69.04, -11.04, 32.36).
(Replacing solvent molecule)
Placed Cl- in mol at (-31.49, 64.05, 13.58).
(No solvent overlap)
Placed Cl- in mol at (-3.70, 5.78, -95.24).
(Replacing solvent molecule)
Placed Cl- in mol at (-35.43, -66.53, -4.04).
(Replacing solvent molecule)
Placed Cl- in mol at (-43.18, 51.82, 33.40).
(No solvent overlap)
Placed Cl- in mol at (16.30, 75.78, -2.24).
(Replacing solvent molecule)
Placed Cl- in mol at (60.14, -51.81, -10.30).
(Replacing solvent molecule)
Placed Cl- in mol at (-59.20, -36.79, 32.45).
(Replacing solvent molecule)
Placed Cl- in mol at (-63.10, -15.37, -64.57).
(Replacing solvent molecule)
Placed Cl- in mol at (-29.11, -55.10, 41.09).
(No solvent overlap)
Placed Cl- in mol at (-75.70, -25.22, -16.24).
(Replacing solvent molecule)
Placed Cl- in mol at (10.07, 66.43, -65.46).
(No solvent overlap)
Placed Cl- in mol at (75.30, 8.78, 17.76).
(Replacing solvent molecule)
Placed Cl- in mol at (16.63, 63.25, 27.52).
(Replacing solvent molecule)
Placed Cl- in mol at (-61.24, 60.11, -17.03).
(Replacing solvent molecule)
Placed Cl- in mol at (9.27, -54.41, -77.29).
(Replacing solvent molecule)
Placed Cl- in mol at (-5.74, -37.24, 74.94).
(Replacing solvent molecule)
Placed Cl- in mol at (62.94, 31.82, -65.15).
(No solvent overlap)
Placed Cl- in mol at (-14.70, -7.22, -96.24).
(Replacing solvent molecule)
Placed Cl- in mol at (44.06, -68.17, -27.89).
(Replacing solvent molecule)
Placed Cl- in mol at (35.49, 15.98, 71.77).
(Replacing solvent molecule)
Placed Cl- in mol at (-67.87, 35.88, 38.39).
(No solvent overlap)
Placed Cl- in mol at (0.30, -75.22, -49.24).
(Replacing solvent molecule)
Placed Cl- in mol at (-52.24, 47.97, -64.58).
(Replacing solvent molecule)
Placed Cl- in mol at (51.26, -39.84, -64.55).
(No solvent overlap)
Placed Cl- in mol at (82.30, 31.78, -23.24).
(No solvent overlap)
Placed Cl- in mol at (38.30, 75.78, -21.24).
(Replacing solvent molecule)
Placed Cl- in mol at (57.17, -46.72, 17.15).
(Replacing solvent molecule)
Placed Cl- in mol at (-51.70, -27.20, -73.86).
(No solvent overlap)
Placed Cl- in mol at (-84.70, 2.78, -31.24).
(Replacing solvent molecule)
Placed Cl- in mol at (-13.96, 62.65, 34.79).
(Replacing solvent molecule)
Placed Cl- in mol at (46.79, -19.32, 55.82).
(No solvent overlap)
Placed Cl- in mol at (1.30, 82.78, -42.24).
(Replacing solvent molecule)
Placed Cl- in mol at (25.79, 33.94, 59.06).
(No solvent overlap)
Placed Cl- in mol at (40.30, -2.22, -93.24).
(No solvent overlap)
Placed Cl- in mol at (-31.70, -11.22, 93.76).
(No solvent overlap)
Placed Cl- in mol at (79.30, -2.22, 1.76).
(No solvent overlap)
Placed Cl- in mol at (-18.70, -80.22, -11.24).
(No solvent overlap)
Placed Cl- in mol at (-75.70, 6.78, 38.76).
(No solvent overlap)
Placed Cl- in mol at (-77.70, 31.78, -49.24).
(Replacing solvent molecule)
Placed Cl- in mol at (-64.56, -51.22, -16.78).
(Replacing solvent molecule)
Placed Cl- in mol at (-25.85, -67.91, 17.50).
(No solvent overlap)
Placed Cl- in mol at (82.30, -20.22, -24.24).
(Replacing solvent molecule)
Placed Cl- in mol at (30.33, 54.82, -79.47).
(Replacing solvent molecule)
Placed Cl- in mol at (-51.85, 22.05, -81.94).
(Replacing solvent molecule)
Placed Cl- in mol at (67.86, 26.73, 29.89).
(Replacing solvent molecule)
Placed Cl- in mol at (41.67, -38.39, 46.57).
(Replacing solvent molecule)
Placed Cl- in mol at (-45.14, 68.00, 5.43).
(Replacing solvent molecule)
Placed Cl- in mol at (57.23, -47.33, -48.80).
(Replacing solvent molecule)
Placed Cl- in mol at (-29.52, 61.95, -72.59).
(No solvent overlap)
Placed Cl- in mol at (0.30, 82.78, -19.24).
(No solvent overlap)
Placed Cl- in mol at (-3.70, 12.78, 101.76).
(No solvent overlap)
Placed Cl- in mol at (-77.70, -12.22, 14.76).
(Replacing solvent molecule)
Placed Cl- in mol at (-30.54, -59.93, -72.36).
(Replacing solvent molecule)
Placed Cl- in mol at (-59.17, 38.08, 59.83).
(No solvent overlap)
Placed Cl- in mol at (77.30, 50.78, -10.24).
(No solvent overlap)
Placed Cl- in mol at (-5.70, 25.78, -98.24).
(No solvent overlap)
Placed Cl- in mol at (-49.70, 15.78, 90.76).
(No solvent overlap)
Placed Cl- in mol at (10.30, -89.22, -14.24).
(No solvent overlap)
Placed Cl- in mol at (-86.70, 30.78, 9.76).
(No solvent overlap)
Placed Cl- in mol at (83.30, -1.22, -55.24).
(Replacing solvent molecule)
Placed Cl- in mol at (42.34, 1.57, 70.25).
(Replacing solvent molecule)
Placed Cl- in mol at (50.70, -28.52, -80.16).
(Replacing solvent molecule)
Placed Cl- in mol at (-1.23, 61.95, -77.07).
(Replacing solvent molecule)
Placed Cl- in mol at (2.00, -55.76, 47.87).
(Replacing solvent molecule)
Placed Cl- in mol at (-36.55, 55.33, 58.24).
(No solvent overlap)
Placed Cl- in mol at (-33.70, -74.22, -45.24).
(No solvent overlap)
Placed Cl- in mol at (12.30, -1.22, -100.24).
(Replacing solvent molecule)
Placed Cl- in mol at (52.11, 23.80, 47.12).
(Replacing solvent molecule)
Placed Cl- in mol at (-69.78, 46.58, -38.71).
(No solvent overlap)
Placed Cl- in mol at (43.30, 73.78, -37.24).
(Replacing solvent molecule)
Placed Cl- in mol at (-68.48, -24.50, 47.49).
(No solvent overlap)
Placed Cl- in mol at (-32.70, -37.22, -87.24).
(No solvent overlap)
Placed Cl- in mol at (84.30, 19.78, -8.24).
(No solvent overlap)
Placed Cl- in mol at (-16.70, 75.78, 6.76).
(No solvent overlap)
Placed Cl- in mol at (-80.70, -12.22, -7.24).
(No solvent overlap)
Placed Cl- in mol at (76.30, -26.22, -4.24).
(No solvent overlap)
Placed Cl- in mol at (-11.70, -15.22, 96.76).
(Replacing solvent molecule)
Placed Cl- in mol at (29.76, -63.71, 38.86).
(Replacing solvent molecule)
Placed Cl- in mol at (50.69, 33.05, -79.24).
(Replacing solvent molecule)
Placed Cl- in mol at (11.96, 50.77, 55.70).
(No solvent overlap)
Placed Cl- in mol at (-31.70, 21.78, -97.24).
(Replacing solvent molecule)
Placed Cl- in mol at (-58.29, -17.39, 82.64).
(Replacing solvent molecule)
Placed Cl- in mol at (64.59, -28.86, 30.04).
(Replacing solvent molecule)
Placed Cl- in mol at (-67.03, 58.17, 13.13).
(No solvent overlap)
Placed Cl- in mol at (22.30, 18.78, 88.76).
(Replacing solvent molecule)
Placed Cl- in mol at (-13.96, -68.77, -59.08).
(No solvent overlap)
Placed Cl- in mol at (34.30, -84.22, -4.24).
(No solvent overlap)
Placed Cl- in mol at (75.30, 31.78, -51.24).
(Replacing solvent molecule)
Placed Cl- in mol at (25.82, -29.61, 77.01).
(Replacing solvent molecule)
Placed Cl- in mol at (-69.78, -38.16, -53.50).
(No solvent overlap)
Placed Cl- in mol at (-47.70, -2.22, -91.24).
(No solvent overlap)
Placed Cl- in mol at (57.30, 72.78, 4.76).
(No solvent overlap)
Placed Cl- in mol at (-31.70, 85.78, -45.24).
(Replacing solvent molecule)
Placed Cl- in mol at (-19.60, -42.60, 75.89).
(Replacing solvent molecule)
Placed Cl- in mol at (36.32, -50.70, -77.07).
(Replacing solvent molecule)
Placed Cl- in mol at (-28.28, 58.23, 72.90).
(No solvent overlap)
Placed Cl- in mol at (-81.70, 46.78, -15.24).
(Replacing solvent molecule)
Placed Cl- in mol at (-68.05, -48.38, 1.91).
(Replacing solvent molecule)
Placed Cl- in mol at (66.32, 15.23, -73.70).
(No solvent overlap)
Placed Cl- in mol at (2.30, 42.78, 93.76).
(No solvent overlap)
Placed Cl- in mol at (-6.70, -80.22, 25.76).
(No solvent overlap)
Placed Cl- in mol at (33.30, -79.22, -36.24).
(No solvent overlap)
Placed Cl- in mol at (-88.70, 6.78, -10.24).
(No solvent overlap)
Placed Cl- in mol at (7.30, -35.22, -99.24).
(Replacing solvent molecule)
Placed Cl- in mol at (45.07, 43.34, 42.93).
(Replacing solvent molecule)
Placed Cl- in mol at (-67.87, -1.67, -74.26).
(No solvent overlap)
Placed Cl- in mol at (4.30, 48.78, -89.24).
(Replacing solvent molecule)
Placed Cl- in mol at (-50.60, -52.23, 40.31).
(Replacing solvent molecule)
Placed Cl- in mol at (-60.91, 64.45, -38.54).
(No solvent overlap)
Placed Cl- in mol at (80.30, -25.22, -43.24).
(Replacing solvent molecule)
Placed Cl- in mol at (67.88, 58.84, -49.50).
(Replacing solvent molecule)
Placed Cl- in mol at (-6.37, 60.96, 54.17).
(No solvent overlap)
Placed Cl- in mol at (-7.70, -86.22, -29.24).
(No solvent overlap)
Placed Cl- in mol at (-79.70, -14.22, -48.24).
(Replacing solvent molecule)
Placed Cl- in mol at (-51.97, 41.07, 75.24).
(No solvent overlap)
Placed Cl- in mol at (40.30, 19.78, -95.24).
(Replacing solvent molecule)
Placed Cl- in mol at (61.64, -54.73, -28.89).
(Replacing solvent molecule)
Placed Cl- in mol at (-47.14, 37.06, -78.75).
(Replacing solvent molecule)
Placed Cl- in mol at (64.48, 57.09, 27.04).
(No solvent overlap)
Placed Cl- in mol at (-73.70, -1.22, 68.76).
(Replacing solvent molecule)
Placed Cl- in mol at (-8.38, -55.28, -82.38).
(No solvent overlap)
Placed Cl- in mol at (20.30, 81.78, -23.24).
(No solvent overlap)
Placed Cl- in mol at (34.30, -81.22, 18.76).
(Replacing solvent molecule)
Placed Cl- in mol at (-63.14, -61.87, -38.17).
(No solvent overlap)
Placed Cl- in mol at (-38.70, 84.78, -16.24).
(Replacing solvent molecule)
Placed Cl- in mol at (58.44, 8.57, 52.28).
(Replacing solvent molecule)
Placed Cl- in mol at (-39.27, -65.31, 11.97).
(Replacing solvent molecule)
Placed Cl- in mol at (22.84, -41.87, 67.03).
(Replacing solvent molecule)
Placed Cl- in mol at (-70.43, 22.74, 42.88).
(Replacing solvent molecule)
Placed Cl- in mol at (67.05, 67.33, -21.69).
(No solvent overlap)
Placed Cl- in mol at (29.30, -13.22, -98.24).
(No solvent overlap)
Placed Cl- in mol at (-3.70, 79.78, -58.24).
(Replacing solvent molecule)
Placed Cl- in mol at (40.87, -67.32, -54.41).
(No solvent overlap)
Placed Cl- in mol at (26.30, -12.22, 89.76).
(Replacing solvent molecule)
Placed Cl- in mol at (-55.83, -44.90, 67.41).
(No solvent overlap)
Placed Cl- in mol at (87.30, 16.78, -40.24).
(Replacing solvent molecule)
Placed Cl- in mol at (49.10, -53.81, 25.60).
(No solvent overlap)
Placed Cl- in mol at (29.30, 71.78, 25.76).
(No solvent overlap)
Placed Cl- in mol at (-19.70, 1.78, 101.76).
(No solvent overlap)
Placed Cl- in mol at (-11.70, -20.22, -99.24).
(No solvent overlap)
Placed Cl- in mol at (72.30, -26.22, -64.24).
(No solvent overlap)
Placed Cl- in mol at (-85.70, 8.78, 20.76).
(Replacing solvent molecule)
Placed Cl- in mol at (-48.74, -70.08, -21.16).
(No solvent overlap)
Placed Cl- in mol at (29.30, 72.78, -62.24).
(No solvent overlap)
Placed Cl- in mol at (3.30, -90.22, -0.24).
(Replacing solvent molecule)
Placed Cl- in mol at (-48.58, 68.65, -55.62).
(No solvent overlap)
Placed Cl- in mol at (73.30, -22.22, 15.76).
(Replacing solvent molecule)
Placed Cl- in mol at (-31.25, 57.94, 43.15).
(Replacing solvent molecule)
Placed Cl- in mol at (-20.49, -65.31, 30.75).
(No solvent overlap)
Placed Cl- in mol at (-27.70, 42.78, 100.76).
(Replacing solvent molecule)
Placed Cl- in mol at (-28.04, 50.33, -84.23).
(No solvent overlap)
Placed Cl- in mol at (-29.70, -29.22, 89.76).
(Replacing solvent molecule)
Placed Cl- in mol at (17.41, -64.63, -71.81).
(No solvent overlap)
Placed Cl- in mol at (-83.70, 2.78, -53.24).
(No solvent overlap)
Placed Cl- in mol at (-13.70, 86.78, -21.24).
(No solvent overlap)
Placed Cl- in mol at (81.30, 35.78, 16.76).
(No solvent overlap)
Placed Cl- in mol at (55.30, -1.22, -87.24).
(Replacing solvent molecule)
Placed Cl- in mol at (20.51, 38.90, 79.11).
(Replacing solvent molecule)
Placed Cl- in mol at (48.50, -69.73, 7.02).
(Replacing solvent molecule)
Placed Cl- in mol at (-53.83, -50.95, -70.80).
(Replacing solvent molecule)
Placed Cl- in mol at (-70.28, -31.22, 16.01).
(Replacing solvent molecule)
Placed Cl- in mol at (-65.59, 50.33, 28.42).
(No solvent overlap)
Placed Cl- in mol at (-92.70, 22.78, -23.24).
(No solvent overlap)
Placed Cl- in mol at (20.30, 41.78, -96.24).
(No solvent overlap)
Placed Cl- in mol at (31.30, 80.78, 5.76).
(Replacing solvent molecule)
Placed Cl- in mol at (-21.21, -55.43, 57.14).
(No solvent overlap)
Placed Cl- in mol at (-42.70, -18.22, -91.24).
(Replacing solvent molecule)
Placed Cl- in mol at (55.18, 60.79, -65.13).
(No solvent overlap)
Placed Cl- in mol at (-79.70, -23.22, -30.24).
(No solvent overlap)
Placed Cl- in mol at (-52.70, -7.22, 88.76).
(No solvent overlap)
Placed Cl- in mol at (90.30, 6.78, -18.24).
(No solvent overlap)
Placed Cl- in mol at (13.30, -81.22, 29.76).
(Replacing solvent molecule)
Placed Cl- in mol at (-4.45, 59.41, 81.90).
(No solvent overlap)
Placed Cl- in mol at (-29.70, -73.22, -14.24).
(No solvent overlap)
Placed Cl- in mol at (-17.70, 23.78, 105.76).
(No solvent overlap)
Placed Cl- in mol at (21.30, 9.78, -101.24).
(No solvent overlap)
Placed Cl- in mol at (-84.70, 8.78, 53.76).
(No solvent overlap)
Placed Cl- in mol at (-31.70, 73.78, -63.24).
(Replacing solvent molecule)
Placed Cl- in mol at (49.89, -68.37, -13.79).
(No solvent overlap)
Placed Cl- in mol at (76.30, -7.22, 39.76).
(No solvent overlap)
Placed Cl- in mol at (35.30, -38.22, -88.24).
(No solvent overlap)
Placed Cl- in mol at (7.30, 2.78, 101.76).
(No solvent overlap)
Placed Cl- in mol at (-71.70, 14.78, -76.24).
(No solvent overlap)
Placed Cl- in mol at (76.30, 44.78, -42.24).
(Replacing solvent molecule)
Placed Cl- in mol at (-61.24, -52.54, 20.52).
(No solvent overlap)
Placed Cl- in mol at (3.30, -83.22, -39.24).
(No solvent overlap)
Placed Cl- in mol at (-87.70, 36.78, -6.24).
(No solvent overlap)
Placed Cl- in mol at (6.30, 74.78, 24.76).
(Replacing solvent molecule)
Placed Cl- in mol at (-61.57, 55.11, -52.49).
(Replacing solvent molecule)
Placed Cl- in mol at (37.29, -15.36, 78.18).
(No solvent overlap)
Placed Cl- in mol at (-26.70, -84.22, -51.24).
(No solvent overlap)
Placed Cl- in mol at (-28.70, -76.22, -56.24).
(Replacing solvent molecule)
Placed Cl- in mol at (52.73, 59.39, 36.63).
(No solvent overlap)
Placed Cl- in mol at (75.30, 1.78, -73.24).
(Replacing solvent molecule)
Placed Cl- in mol at (-70.62, 14.28, 77.93).
(No solvent overlap)
Placed Cl- in mol at (9.30, -29.22, 91.76).
(No solvent overlap)
Placed Cl- in mol at (17.30, 83.78, -40.24).
(No solvent overlap)
Placed Cl- in mol at (76.30, -38.22, -37.24).
(No solvent overlap)
Placed Cl- in mol at (-75.70, -43.22, -37.24).
(No solvent overlap)
Placed Cl- in mol at (-72.70, 59.78, -5.24).
(Replacing solvent molecule)
Placed Cl- in mol at (-69.05, -26.34, 68.43).
(No solvent overlap)
Placed Cl- in mol at (-18.70, 35.78, -99.24).
(Replacing solvent molecule)
Placed Cl- in mol at (67.31, -44.94, 1.31).
(No solvent overlap)
Placed Cl- in mol at (45.30, 78.78, -6.24).
(No solvent overlap)
Placed Cl- in mol at (-38.70, 18.78, 100.76).
(No solvent overlap)
Placed Cl- in mol at (-16.70, -38.22, -98.24).
(Replacing solvent molecule)
Placed Cl- in mol at (42.02, 40.83, -81.94).
(No solvent overlap)
Placed Cl- in mol at (78.30, 50.78, 13.76).
(Replacing solvent molecule)
Placed Cl- in mol at (-32.73, -50.00, 72.34).
(Replacing solvent molecule)
Placed Cl- in mol at (61.51, -23.61, 43.63).
(Replacing solvent molecule)
Placed Cl- in mol at (-58.98, 43.73, 42.23).
(No solvent overlap)
Placed Cl- in mol at (-51.70, 80.78, -24.24).
(Replacing solvent molecule)
Placed Cl- in mol at (-66.66, 38.77, -71.55).
(Replacing solvent molecule)
Placed Cl- in mol at (-57.64, -64.34, -55.87).
(No solvent overlap)
Placed Cl- in mol at (24.30, -88.22, -17.24).
(No solvent overlap)
Placed Cl- in mol at (78.30, 49.78, -23.24).
(No solvent overlap)
Placed Cl- in mol at (-19.70, 84.78, -8.24).
(No solvent overlap)
Placed Cl- in mol at (-43.70, 44.78, 85.76).
(No solvent overlap)
Placed Cl- in mol at (80.30, 15.78, -56.24).
(No solvent overlap)
Placed Cl- in mol at (19.30, -81.22, -54.24).
(Replacing solvent molecule)
Placed Cl- in mol at (33.42, 27.44, 64.00).
(No solvent overlap)
Placed Cl- in mol at (-24.70, 2.78, -105.24).
(Replacing solvent molecule)
Placed Cl- in mol at (-8.71, -46.22, 65.96).
(No solvent overlap)
Placed Cl- in mol at (-83.70, 19.78, -58.24).
(No solvent overlap)
Placed Cl- in mol at (8.30, 28.78, 98.76).
(Replacing solvent molecule)
Placed Cl- in mol at (59.70, 69.15, -36.58).
(Replacing solvent molecule)
Placed Cl- in mol at (31.17, -51.69, 54.17).
(No solvent overlap)
Placed Cl- in mol at (24.30, -27.22, -100.24).
(Replacing solvent molecule)
Placed Cl- in mol at (-33.73, 60.84, 27.25).
(No solvent overlap)
Placed Cl- in mol at (92.30, -6.22, -36.24).
(Replacing solvent molecule)
Placed Cl- in mol at (-58.92, -60.46, -6.94).
(No solvent overlap)
Placed Cl- in mol at (-90.70, 12.78, 7.76).
(No solvent overlap)
Placed Cl- in mol at (78.30, -5.22, 17.76).
(No solvent overlap)
Placed Cl- in mol at (7.30, 78.78, -8.24).
(No solvent overlap)
Placed Cl- in mol at (-46.70, -33.22, 87.76).
(No solvent overlap)
Placed Cl- in mol at (12.30, 28.78, -104.24).
(No solvent overlap)
Placed Cl- in mol at (14.30, -93.22, 12.76).
(Replacing solvent molecule)
Placed Cl- in mol at (22.47, 56.62, 43.50).
(Replacing solvent molecule)
Placed Cl- in mol at (19.85, 54.03, 48.71).
(No solvent overlap)
Placed Cl- in mol at (-83.70, 41.78, -29.24).
(No solvent overlap)
Placed Cl- in mol at (86.30, 32.78, -2.24).
(No solvent overlap)
Placed Cl- in mol at (-74.70, -13.22, 55.76).
(No solvent overlap)
Placed Cl- in mol at (-20.70, 55.78, 90.76).
(No solvent overlap)
Placed Cl- in mol at (-20.70, -85.22, 6.76).
(Replacing solvent molecule)
Placed Cl- in mol at (-14.23, 65.98, -78.70).
(Replacing solvent molecule)
Placed Cl- in mol at (70.93, -13.09, -78.48).
(No solvent overlap)
Placed Cl- in mol at (-78.70, -33.22, -0.24).
(Replacing solvent molecule)
Placed Cl- in mol at (-35.43, -47.75, -79.14).
(No solvent overlap)
Placed Cl- in mol at (38.30, 75.78, -51.24).
(Replacing solvent molecule)
Placed Cl- in mol at (-55.87, 7.98, -83.69).
(No solvent overlap)
Placed Cl- in mol at (-84.70, 39.78, 25.76).
(Replacing solvent molecule)
Placed Cl- in mol at (46.72, -46.95, 38.00).
(Replacing solvent molecule)
Placed Cl- in mol at (-45.46, -60.52, 25.25).
(Replacing solvent molecule)
Placed Cl- in mol at (65.58, 41.66, 37.05).
(No solvent overlap)
Placed Cl- in mol at (-14.70, 90.78, -47.24).
(No solvent overlap)
Placed Cl- in mol at (11.30, -49.22, -91.24).
(No solvent overlap)
Placed Cl- in mol at (76.30, -43.22, -16.24).
(No solvent overlap)
Placed Cl- in mol at (-73.70, -23.22, -56.24).
(Replacing solvent molecule)
Placed Cl- in mol at (-67.55, 26.39, 54.60).
(Replacing solvent molecule)
Placed Cl- in mol at (60.95, -8.43, 57.56).
(No solvent overlap)
Placed Cl- in mol at (2.30, -18.22, -104.24).
(Replacing solvent molecule)
Placed Cl- in mol at (-8.23, -66.26, 42.55).
(No solvent overlap)
Placed Cl- in mol at (49.30, 76.78, 16.76).
(No solvent overlap)
Placed Cl- in mol at (-46.70, 80.78, -43.24).
(No solvent overlap)
Placed Cl- in mol at (3.30, -15.22, 101.76).
(Replacing solvent molecule)
Placed Cl- in mol at (33.42, -66.43, -67.43).
(No solvent overlap)
Placed Cl- in mol at (-84.70, -8.22, -22.24).
(No solvent overlap)
Placed Cl- in mol at (87.30, -12.22, -9.24).
(No solvent overlap)
Placed Cl- in mol at (14.30, 73.78, -64.24).
(No solvent overlap)
Placed Cl- in mol at (-3.70, -91.22, -16.24).
(No solvent overlap)
Placed Cl- in mol at (-55.70, 72.78, -3.24).
(Replacing solvent molecule)
Placed Cl- in mol at (13.53, 55.11, 78.93).
(Replacing solvent molecule)
Placed Cl- in mol at (66.64, -39.53, -48.29).
(Replacing solvent molecule)
Placed Cl- in mol at (-64.44, -42.50, 53.16).
(Replacing solvent molecule)
Placed Cl- in mol at (56.31, 20.73, -84.63).
(No solvent overlap)
Placed Cl- in mol at (30.30, 4.78, 94.76).
(Replacing solvent molecule)
Placed Cl- in mol at (69.43, 67.71, -6.89).
(No solvent overlap)
Placed Cl- in mol at (-32.70, -10.22, -100.24).
(Replacing solvent molecule)
Placed Cl- in mol at (-58.47, 25.70, 83.84).
(No solvent overlap)
Placed Cl- in mol at (-88.70, 13.78, -39.24).
(No solvent overlap)
Placed Cl- in mol at (44.30, -19.22, -92.24).
(No solvent overlap)
Placed Cl- in mol at (76.30, 13.78, 39.76).
(No solvent overlap)
Placed Cl- in mol at (-46.70, -75.22, -35.24).
(No solvent overlap)
Placed Cl- in mol at (-6.70, 82.78, 17.76).
(No solvent overlap)
Placed Cl- in mol at (-41.70, 32.78, -93.24).
(Replacing solvent molecule)
Placed Cl- in mol at (18.90, -68.90, 41.01).
(Replacing solvent molecule)
Placed Cl- in mol at (41.90, 59.84, -74.96).
(Replacing solvent molecule)
Placed Cl- in mol at (-2.65, -68.92, -70.42).
(Replacing solvent molecule)
Placed Cl- in mol at (-14.14, 67.93, 64.14).
(Replacing solvent molecule)
Placed Cl- in mol at (70.18, -33.76, 20.52).
(Replacing solvent molecule)
Placed Cl- in mol at (-67.20, -26.54, 35.46).
(No solvent overlap)
Placed Cl- in mol at (-84.70, 49.78, 8.76).
(Replacing solvent molecule)
Placed Cl- in mol at (54.60, -65.31, -44.35).
(No solvent overlap)
Placed Cl- in mol at (-5.70, -30.22, 91.76).
(Replacing solvent molecule)
Placed Cl- in mol at (-62.30, -39.63, -68.63).
(No solvent overlap)
Placed Cl- in mol at (-13.70, 51.78, -92.24).
(Replacing solvent molecule)
Placed Cl- in mol at (-42.93, -58.15, 54.31).

Done adding ions.
> Saveamberparm mol F1-IF1DP_syn120deg.ff14SB_ionwat.prmtop F1-IF1DP_syn120deg.ff14SB_ionwat.prmcrd
Checking Unit.
Building topology.
Building atom parameters.
Building bond parameters.
Building angle parameters.
Building proper torsion parameters.
Building improper torsion parameters.
old PREP-specified impropers:
 <atp 3400>:  C8   C4   N9   C1* 
 <atp 3400>:  C6   H60  N6   H61 
 <atp 3400>:  N7   N9   C8   H80 
 <atp 3400>:  N1   N3   C2   H2  
 <atp 3400>:  C5   N1   C6   N6  
 <atp 3402>:  C8   C4   N9   C1* 
 <atp 3402>:  C6   H60  N6   H61 
 <atp 3402>:  N7   N9   C8   H80 
 <atp 3402>:  N1   N3   C2   H2  
 <atp 3402>:  C5   N1   C6   N6  
 <atp 3404>:  C8   C4   N9   C1* 
 <atp 3404>:  C6   H60  N6   H61 
 <atp 3404>:  N7   N9   C8   H80 
 <atp 3404>:  N1   N3   C2   H2  
 <atp 3404>:  C5   N1   C6   N6  
 <atp 3406>:  C8   C4   N9   C1* 
 <atp 3406>:  C6   H60  N6   H61 
 <atp 3406>:  N7   N9   C8   H80 
 <atp 3406>:  N1   N3   C2   H2  
 <atp 3406>:  C5   N1   C6   N6  
 <adp 3408>:  C8   C4   N9   C1* 
 <adp 3408>:  C6   H60  N6   H61 
 <adp 3408>:  N7   N9   C8   H80 
 <adp 3408>:  N1   N3   C2   H2  
 <adp 3408>:  C5   N1   C6   N6  
 total 9909 improper torsions applied
 25 improper torsions in old prep form
Building H-Bond parameters.
Incorporating Non-Bonded adjustments.
Not Marking per-residue atom chain types.
Marking per-residue atom chain types.
  (Residues lacking connect0/connect1 - 
   these don't have chain types marked:

	res	total affected

	CALA	3
	CGLU	2
	CILE	1
	CLEU	1
	CSER	3
	NALA	2
	NASP	3
	NGLY	1
	NTHR	3
	NVAL	1
	WAT	86192
  )
 (no restraints)
> savepdb mol F1-IF1DP_syn120deg.ff14SB_ionwat.pdb
Writing pdb file: F1-IF1DP_syn120deg.ff14SB_ionwat.pdb
   printing CRYST1 record to PDB file with box info

Warning:  Converting N-terminal residue name to PDB format: NASP -> ASP

Warning:  Converting C-terminal residue name to PDB format: CALA -> ALA

Warning:  Converting N-terminal residue name to PDB format: NASP -> ASP

Warning:  Converting C-terminal residue name to PDB format: CALA -> ALA

Warning:  Converting N-terminal residue name to PDB format: NASP -> ASP

Warning:  Converting C-terminal residue name to PDB format: CALA -> ALA

Warning:  Converting N-terminal residue name to PDB format: NTHR -> THR

Warning:  Converting C-terminal residue name to PDB format: CSER -> SER

Warning:  Converting N-terminal residue name to PDB format: NTHR -> THR

Warning:  Converting C-terminal residue name to PDB format: CSER -> SER

Warning:  Converting N-terminal residue name to PDB format: NTHR -> THR

Warning:  Converting C-terminal residue name to PDB format: CSER -> SER

Warning:  Converting N-terminal residue name to PDB format: NALA -> ALA

Warning:  Converting C-terminal residue name to PDB format: CLEU -> LEU

Warning:  Converting N-terminal residue name to PDB format: NALA -> ALA

Warning:  Converting C-terminal residue name to PDB format: CGLU -> GLU

Warning:  Converting N-terminal residue name to PDB format: NVAL -> VAL

Warning:  Converting C-terminal residue name to PDB format: CGLU -> GLU

Warning:  Converting N-terminal residue name to PDB format: NGLY -> GLY

Warning:  Converting C-terminal residue name to PDB format: CILE -> ILE
> quti

Error: Error from the parser: 
       syntax error.
       Check for typos, misspellings, etc.
       Try help on the command name and desc on the command arguments.

> quit
	Quit

Exiting LEaP: Errors = 1; Warnings = 20; Notes = 0.
